#
# A fatal error has been detected by the Java Runtime Environment:
#
#  SIGSEGV (0xb) at pc=0x0000000109cb666b, pid=26747, tid=0x0000000000001003
#
# JRE version: OpenJDK Runtime Environment (8.0_242-b08) (build 1.8.0_242-b08)
# Java VM: OpenJDK 64-Bit Server VM (25.242-b08 mixed mode bsd-amd64 compressed oops)
# Problematic frame:
# V  [libjvm.dylib+0x2b666b]
#
# Failed to write core dump. Core dumps have been disabled. To enable core dumping, try "ulimit -c unlimited" before starting Java again
#
# If you would like to submit a bug report, please visit:
#   http://bugreport.java.com/bugreport/crash.jsp
#

---------------  T H R E A D  ---------------

Current thread (0x00007fa50e00b800):  JavaThread "main" [_thread_in_vm, id=4099, stack(0x000070000a20a000,0x000070000a30a000)]

siginfo: si_signo: 11 (SIGSEGV), si_code: 0 (unknown), si_addr: 0x0000000000000000

Registers:
RAX=0x732f2f3a70747468, RBX=0x00007fa50dfe4350, RCX=0x000000010dae3948, RDX=0x0000000000000000
RSP=0x000070000a301d80, RBP=0x000070000a301da0, RSI=0x0000000000000000, RDI=0x00007fa50dfe5d10
R8 =0x00007fa51015a4b0, R9 =0x0000000000000020, R10=0x0000000000000031, R11=0x00000006c173ac58
R12=0x00007fa50dfe5d10, R13=0x00007fa50dc05fd0, R14=0x000070000a301e48, R15=0x0000000000000000
RIP=0x0000000109cb666b, EFLAGS=0x0000000000010202, ERR=0x0000000000000000
  TRAPNO=0x000000000000000d

Top of Stack: (sp=0x000070000a301d80)
0x000070000a301d80:   000070000a301e48 00000000000003f1
0x000070000a301d90:   0000000000000000 000070000a301db8
0x000070000a301da0:   000070000a301e00 0000000109b9b360
0x000070000a301db0:   000070000a301de0 000070000a301e48
0x000070000a301dc0:   0000700000000002 00000007c0017230
0x000070000a301dd0:   000000010bf3b668 0000000000000000
0x000070000a301de0:   00007fa50dc04950 000070000a301e48
0x000070000a301df0:   00007fa50e00b800 00000007c0311fb0
0x000070000a301e00:   000070000a301e60 0000000109f533b2
0x000070000a301e10:   0000000000000007 000000010be7d2c0
0x000070000a301e20:   000000010cfe28e0 0000000109ab12e9
0x000070000a301e30:   000070000a301e60 0000000109e3f677
0x000070000a301e40:   0000000000000001 000000010a1e0130
0x000070000a301e50:   00000007c0311fb0 000000007852e922
0x000070000a301e60:   000070000a301f70 0000000109f12f5b
0x000070000a301e70:   00007fa50e00b800 0000010a00000018
0x000070000a301e80:   00007fa56928613f 117a881d09bf0ed6
0x000070000a301e90:   00007fa50df19440 00007fa5146c1e30
0x000070000a301ea0:   000070000a301ef0 00000006c135bee8
0x000070000a301eb0:   000000076c48d760 0000000000000000
0x000070000a301ec0:   0000000000000000 0000000000000000
0x000070000a301ed0:   0000000000000000 0000000000000000
0x000070000a301ee0:   0000000000000003 00007fa50e010100
0x000070000a301ef0:   000070000a301f20 000070000a301ea8
0x000070000a301f00:   000070000a301ee9 0000000800000002
0x000070000a301f10:   00007fa50df19400 00007fa50000000e
0x000070000a301f20:   000070000a301bd0 000000010be7d2c0
0x000070000a301f30:   00007fa50e00b800 000000010be7d2c0
0x000070000a301f40:   000000010be7d2c0 00007fa50e00b800
0x000070000a301f50:   00007fa50dc04d50 00007fa5146c1e10
0x000070000a301f60:   00007fa50f01aa00 00000000117a881d
0x000070000a301f70:   000070000a301ff0 0000000109f131b6 

Instructions: (pc=0x0000000109cb666b)
0x0000000109cb664b:   9f 38 01 00 00 48 85 db 74 5b 49 89 f6 45 31 ff
0x0000000109cb665b:   83 7b 08 00 7e 3a 4c 8b 23 49 8b 04 24 4c 89 e7
0x0000000109cb666b:   ff 90 80 00 00 00 84 c0 74 26 41 80 bc 24 d6 00
0x0000000109cb667b:   00 00 00 75 1b 4c 89 e7 4c 89 f6 e8 15 f4 18 00 

Register to memory mapping:

RAX=0x732f2f3a70747468 is an unknown value
RBX=0x00007fa50dfe4350 is an unknown value
RCX=0x000000010dae3948 is at entry_point+712 in (nmethod*)0x000000010dae3510
RDX=0x0000000000000000 is an unknown value
RSP=0x000070000a301d80 is pointing into the stack for thread: 0x00007fa50e00b800
RBP=0x000070000a301da0 is pointing into the stack for thread: 0x00007fa50e00b800
RSI=0x0000000000000000 is an unknown value
RDI=0x00007fa50dfe5d10 is an unknown value
R8 =0x00007fa51015a4b0 is an unknown value
R9 =0x0000000000000020 is an unknown value
R10=0x0000000000000031 is an unknown value
R11=0x00000006c173ac58 is an oop
java.util.Vector 
 - klass: 'java/util/Vector'
R12=0x00007fa50dfe5d10 is an unknown value
R13=0x00007fa50dc05fd0 is an unknown value
R14=0x000070000a301e48 is pointing into the stack for thread: 0x00007fa50e00b800
R15=0x0000000000000000 is an unknown value


Stack: [0x000070000a20a000,0x000070000a30a000],  sp=0x000070000a301d80,  free space=991k
Native frames: (J=compiled Java code, j=interpreted, Vv=VM code, C=native code)
V  [libjvm.dylib+0x2b666b]
V  [libjvm.dylib+0x19b360]
V  [libjvm.dylib+0x5533b2]
V  [libjvm.dylib+0x512f5b]
V  [libjvm.dylib+0x5131b6]
V  [libjvm.dylib+0x513551]
V  [libjvm.dylib+0x32b02a]
V  [libjvm.dylib+0x32b1bd]
C  [libjava.dylib+0x25ff]  Java_java_lang_ClassLoader_defineClass1+0x171
J 1019  java.lang.ClassLoader.defineClass1(Ljava/lang/String;[BIILjava/security/ProtectionDomain;Ljava/lang/String;)Ljava/lang/Class; (0 bytes) @ 0x000000010d36468b [0x000000010d364580+0x10b]
J 647 C1 java.lang.ClassLoader.defineClass(Ljava/lang/String;[BIILjava/security/ProtectionDomain;)Ljava/lang/Class; (43 bytes) @ 0x000000010d2779dc [0x000000010d277400+0x5dc]
J 573 C1 java.net.URLClassLoader.defineClass(Ljava/lang/String;Lsun/misc/Resource;)Ljava/lang/Class; (142 bytes) @ 0x000000010d218924 [0x000000010d216dc0+0x1b64]
J 471 C1 java.net.URLClassLoader$1.run()Ljava/lang/Class; (63 bytes) @ 0x000000010d1b9eb4 [0x000000010d1b9be0+0x2d4]
J 470 C1 java.net.URLClassLoader$1.run()Ljava/lang/Object; (5 bytes) @ 0x000000010d1b6f0c [0x000000010d1b6e80+0x8c]
v  ~StubRoutines::call_stub
V  [libjvm.dylib+0x2e3fa7]
V  [libjvm.dylib+0x328eb9]
J 422  java.security.AccessController.doPrivileged(Ljava/security/PrivilegedExceptionAction;Ljava/security/AccessControlContext;)Ljava/lang/Object; (0 bytes) @ 0x000000010d196855 [0x000000010d196780+0xd5]
J 4149 C2 java.net.URLClassLoader.findClass(Ljava/lang/String;)Ljava/lang/Class; (47 bytes) @ 0x000000010d3de07c [0x000000010d3ddfe0+0x9c]
J 4707 C2 java.lang.ClassLoader.loadClass(Ljava/lang/String;Z)Ljava/lang/Class; (122 bytes) @ 0x000000010d1bd1f4 [0x000000010d1bc8e0+0x914]
J 439 C1 sun.misc.Launcher$AppClassLoader.loadClass(Ljava/lang/String;Z)Ljava/lang/Class; (85 bytes) @ 0x000000010d19fca4 [0x000000010d19f300+0x9a4]
J 3416 C2 java.lang.ClassLoader.loadClass(Ljava/lang/String;)Ljava/lang/Class; (7 bytes) @ 0x000000010d135c60 [0x000000010d135c20+0x40]
v  ~StubRoutines::call_stub
V  [libjvm.dylib+0x2e3fa7]
V  [libjvm.dylib+0x2e474e]
V  [libjvm.dylib+0x2e48a6]
V  [libjvm.dylib+0x514248]
V  [libjvm.dylib+0x513a03]
V  [libjvm.dylib+0x514464]
V  [libjvm.dylib+0x514ad5]
V  [libjvm.dylib+0x1e026e]
V  [libjvm.dylib+0x42c3d2]
V  [libjvm.dylib+0x2dfcf9]
j  com.sencha.tools.compiler.sources.types.ClassDefinition.<init>(Ljava/lang/String;Lcom/sencha/tools/compiler/ast/js/BaseNode;Lcom/sencha/tools/compiler/sources/SourceFileSymbols;Ljava/lang/String;)V+188
j  com.sencha.tools.compiler.sources.DeclarationVisitor.processDefineObject(Lcom/sencha/tools/compiler/ast/js/ObjectLiteral;Lcom/sencha/tools/compiler/ast/js/StringLiteral;Lcom/sencha/tools/compiler/sources/SourceFileSymbols;Ljava/lang/String;ZZLjava/lang/String;)Z+22
j  com.sencha.tools.compiler.sources.DeclarationVisitor.processDefineObject(Lcom/sencha/tools/compiler/ast/js/ObjectLiteral;Lcom/sencha/tools/compiler/ast/js/StringLiteral;Lcom/sencha/tools/compiler/sources/SourceFileSymbols;)Z+8
j  com.sencha.tools.compiler.sources.DeclarationVisitor.processDefineObject(Lcom/sencha/tools/compiler/ast/js/ObjectLiteral;Lcom/sencha/tools/compiler/ast/js/StringLiteral;Ljava/lang/Object;)Z+7
j  com.sencha.tools.compiler.sources.BaseDefineVisitor.processExtDefine(Lcom/sencha/tools/compiler/ast/js/FunctionCall;Ljava/lang/Object;)Z+98
j  com.sencha.tools.compiler.sources.BaseDefineVisitor.onFunctionCall(Lcom/sencha/tools/compiler/ast/js/FunctionCall;)V+23
j  com.sencha.tools.compiler.sources.DeclarationVisitor.onFunctionCall(Lcom/sencha/tools/compiler/ast/js/FunctionCall;)V+376
j  com.sencha.tools.compiler.ast.js.FunctionCall.doVisit(Lcom/sencha/tools/compiler/ast/js/NodeVisitor;)V+2
J 4818 C1 com.sencha.tools.compiler.ast.js.CommentNodevisitor.visit(Lcom/sencha/tools/compiler/ast/js/BaseNode;)V (100 bytes) @ 0x000000010d63a864 [0x000000010d6399c0+0xea4]
J 4834 C1 com.sencha.tools.compiler.sources.DeclarationVisitor.visit(Lcom/sencha/tools/compiler/ast/js/BaseNode;)V (20 bytes) @ 0x000000010d728a34 [0x000000010d728800+0x234]
J 4829 C1 com.sencha.tools.compiler.ast.js.BaseNodeVisitor.onExpressionStatement(Lcom/sencha/tools/compiler/ast/js/ExpressionStatement;)V (6 bytes) @ 0x000000010d729de4 [0x000000010d729c80+0x164]
J 4828 C1 com.sencha.tools.compiler.ast.js.ExpressionStatement.doVisit(Lcom/sencha/tools/compiler/ast/js/NodeVisitor;)V (8 bytes) @ 0x000000010d72ac8c [0x000000010d72ab80+0x10c]
J 4818 C1 com.sencha.tools.compiler.ast.js.CommentNodevisitor.visit(Lcom/sencha/tools/compiler/ast/js/BaseNode;)V (100 bytes) @ 0x000000010d63a864 [0x000000010d6399c0+0xea4]
J 4834 C1 com.sencha.tools.compiler.sources.DeclarationVisitor.visit(Lcom/sencha/tools/compiler/ast/js/BaseNode;)V (20 bytes) @ 0x000000010d728a34 [0x000000010d728800+0x234]
J 4830 C1 com.sencha.tools.compiler.ast.js.NodeContainer.descend(Lcom/sencha/tools/compiler/ast/js/NodeVisitor;)V (40 bytes) @ 0x000000010d72a5a4 [0x000000010d72a1c0+0x3e4]
j  com.sencha.tools.compiler.ast.js.BaseNodeVisitor.onRootNode(Lcom/sencha/tools/compiler/ast/js/RootNode;)V+2
j  com.sencha.tools.compiler.ast.js.RootNode.doVisit(Lcom/sencha/tools/compiler/ast/js/NodeVisitor;)V+2
J 4818 C1 com.sencha.tools.compiler.ast.js.CommentNodevisitor.visit(Lcom/sencha/tools/compiler/ast/js/BaseNode;)V (100 bytes) @ 0x000000010d639cbc [0x000000010d6399c0+0x2fc]
J 4834 C1 com.sencha.tools.compiler.sources.DeclarationVisitor.visit(Lcom/sencha/tools/compiler/ast/js/BaseNode;)V (20 bytes) @ 0x000000010d728a34 [0x000000010d728800+0x234]
j  com.sencha.tools.compiler.sources.SymbolData.loadFileSymbols()V+35
j  com.sencha.tools.compiler.sources.SymbolData.<init>(Lcom/sencha/tools/compiler/sources/SourceFile;)V+59
j  com.sencha.tools.compiler.sources.SourceFile.getSymbols()Lcom/sencha/tools/compiler/sources/SourceFileSymbols;+25
j  com.sencha.tools.compiler.sources.filters.TagFilter.test(Lcom/sencha/tools/compiler/sources/SourceFile;)Z+69
j  com.sencha.tools.compiler.sources.filters.TagFilter.test(Ljava/lang/Object;)Z+5
J 4081 C1 com.sencha.util.filters.Filter.isIncluded(Ljava/lang/Object;)Z (25 bytes) @ 0x000000010d1013cc [0x000000010d1012c0+0x10c]
j  com.sencha.tools.compiler.sources.ClassPathScope.processTransitiveDependencies(Lcom/sencha/util/filters/Filter;ZZ)Lcom/sencha/tools/compiler/sources/ClassPathScope;+68
j  com.sencha.tools.compiler.sources.ClassPathScope.enableTransitiveDependencies(Lcom/sencha/util/filters/Filter;Z)Lcom/sencha/tools/compiler/sources/ClassPathScope;+4
j  com.sencha.tools.compiler.sources.ClassPathScope.enableTransitiveDependencies(Lcom/sencha/util/filters/Filter;)Lcom/sencha/tools/compiler/sources/ClassPathScope;+3
j  com.sencha.tools.page.AppJsonBuilder.load(Lcom/sencha/tools/compiler/CompilerContext;)V+440
j  com.sencha.command.compile.app.LoadAppCommand.execute()V+27
v  ~StubRoutines::call_stub
V  [libjvm.dylib+0x2e3fa7]
V  [libjvm.dylib+0x4ac608]
V  [libjvm.dylib+0x4acb3c]
V  [libjvm.dylib+0x3204b6]
J 1567  sun.reflect.NativeMethodAccessorImpl.invoke0(Ljava/lang/reflect/Method;Ljava/lang/Object;[Ljava/lang/Object;)Ljava/lang/Object; (0 bytes) @ 0x000000010d4ead2d [0x000000010d4eac40+0xed]
J 1566 C1 sun.reflect.NativeMethodAccessorImpl.invoke(Ljava/lang/Object;[Ljava/lang/Object;)Ljava/lang/Object; (104 bytes) @ 0x000000010d4ec2d4 [0x000000010d4eb100+0x11d4]
J 3009 C2 java.lang.reflect.Method.invoke(Ljava/lang/Object;[Ljava/lang/Object;)Ljava/lang/Object; (62 bytes) @ 0x000000010dab31e8 [0x000000010dab3140+0xa8]
j  com.sencha.util.MethodInvoker$Arguments.invoke()Ljava/lang/Object;+15
j  com.sencha.cli.Command.dispatch(Lcom/sencha/cli/Arguments;)V+25
j  com.sencha.cli.Commands.dispatch(Lcom/sencha/cli/Arguments;)V+66
j  com.sencha.command.compile.CompileCommands.dispatch(Lcom/sencha/cli/Arguments;)V+2
j  com.sencha.cli.AbstractCommand.dispatch([Ljava/lang/String;)V+9
j  com.sencha.ant.CompileTask$CompileToken.initialize()V+50
j  com.sencha.ant.CompileTask$CompileToken.dispatchCommand(Ljava/lang/String;)V+1
j  com.sencha.ant.CompileTask.doExecute()V+99
j  com.sencha.ant.BaseAntTask.execute()V+1
j  com.sencha.ant.CompileTask.execute()V+23
j  org.apache.tools.ant.UnknownElement.execute()V+58
j  sun.reflect.GeneratedMethodAccessor32.invoke(Ljava/lang/Object;[Ljava/lang/Object;)Ljava/lang/Object;+36
J 3009 C2 java.lang.reflect.Method.invoke(Ljava/lang/Object;[Ljava/lang/Object;)Ljava/lang/Object; (62 bytes) @ 0x000000010dab31e8 [0x000000010dab3140+0xa8]
j  org.apache.tools.ant.dispatch.DispatchUtils.execute(Ljava/lang/Object;)V+518
j  org.apache.tools.ant.Task.perform()V+22
j  org.apache.tools.ant.Target.execute()V+155
j  org.apache.tools.ant.Target.performTasks()V+11
j  org.apache.tools.ant.Project.executeSortedTargets(Ljava/util/Vector;)V+145
j  org.apache.tools.ant.helper.SingleCheckExecutor.executeTargets(Lorg/apache/tools/ant/Project;[Ljava/lang/String;)V+11
j  org.apache.tools.ant.Project.executeTargets(Ljava/util/Vector;)V+29
j  org.apache.tools.ant.taskdefs.Ant.execute()V+684
j  org.apache.tools.ant.UnknownElement.execute()V+58
j  sun.reflect.GeneratedMethodAccessor32.invoke(Ljava/lang/Object;[Ljava/lang/Object;)Ljava/lang/Object;+36
J 3009 C2 java.lang.reflect.Method.invoke(Ljava/lang/Object;[Ljava/lang/Object;)Ljava/lang/Object; (62 bytes) @ 0x000000010dab31e8 [0x000000010dab3140+0xa8]
j  org.apache.tools.ant.dispatch.DispatchUtils.execute(Ljava/lang/Object;)V+518
j  org.apache.tools.ant.Task.perform()V+22
j  org.apache.tools.ant.taskdefs.Sequential.execute()V+40
j  net.sf.antcontrib.logic.IfTask.execute()V+151
v  ~StubRoutines::call_stub
...<more frames>...

Java frames: (J=compiled Java code, j=interpreted, Vv=VM code)
J 1019  java.lang.ClassLoader.defineClass1(Ljava/lang/String;[BIILjava/security/ProtectionDomain;Ljava/lang/String;)Ljava/lang/Class; (0 bytes) @ 0x000000010d364611 [0x000000010d364580+0x91]
J 647 C1 java.lang.ClassLoader.defineClass(Ljava/lang/String;[BIILjava/security/ProtectionDomain;)Ljava/lang/Class; (43 bytes) @ 0x000000010d2779dc [0x000000010d277400+0x5dc]
J 573 C1 java.net.URLClassLoader.defineClass(Ljava/lang/String;Lsun/misc/Resource;)Ljava/lang/Class; (142 bytes) @ 0x000000010d218924 [0x000000010d216dc0+0x1b64]
J 471 C1 java.net.URLClassLoader$1.run()Ljava/lang/Class; (63 bytes) @ 0x000000010d1b9eb4 [0x000000010d1b9be0+0x2d4]
J 470 C1 java.net.URLClassLoader$1.run()Ljava/lang/Object; (5 bytes) @ 0x000000010d1b6f0c [0x000000010d1b6e80+0x8c]
v  ~StubRoutines::call_stub
J 422  java.security.AccessController.doPrivileged(Ljava/security/PrivilegedExceptionAction;Ljava/security/AccessControlContext;)Ljava/lang/Object; (0 bytes) @ 0x000000010d1967e3 [0x000000010d196780+0x63]
J 4149 C2 java.net.URLClassLoader.findClass(Ljava/lang/String;)Ljava/lang/Class; (47 bytes) @ 0x000000010d3de07c [0x000000010d3ddfe0+0x9c]
J 4707 C2 java.lang.ClassLoader.loadClass(Ljava/lang/String;Z)Ljava/lang/Class; (122 bytes) @ 0x000000010d1bd1f4 [0x000000010d1bc8e0+0x914]
J 439 C1 sun.misc.Launcher$AppClassLoader.loadClass(Ljava/lang/String;Z)Ljava/lang/Class; (85 bytes) @ 0x000000010d19fca4 [0x000000010d19f300+0x9a4]
J 3416 C2 java.lang.ClassLoader.loadClass(Ljava/lang/String;)Ljava/lang/Class; (7 bytes) @ 0x000000010d135c60 [0x000000010d135c20+0x40]
v  ~StubRoutines::call_stub
j  com.sencha.tools.compiler.sources.types.ClassDefinition.<init>(Ljava/lang/String;Lcom/sencha/tools/compiler/ast/js/BaseNode;Lcom/sencha/tools/compiler/sources/SourceFileSymbols;Ljava/lang/String;)V+188
j  com.sencha.tools.compiler.sources.DeclarationVisitor.processDefineObject(Lcom/sencha/tools/compiler/ast/js/ObjectLiteral;Lcom/sencha/tools/compiler/ast/js/StringLiteral;Lcom/sencha/tools/compiler/sources/SourceFileSymbols;Ljava/lang/String;ZZLjava/lang/String;)Z+22
j  com.sencha.tools.compiler.sources.DeclarationVisitor.processDefineObject(Lcom/sencha/tools/compiler/ast/js/ObjectLiteral;Lcom/sencha/tools/compiler/ast/js/StringLiteral;Lcom/sencha/tools/compiler/sources/SourceFileSymbols;)Z+8
j  com.sencha.tools.compiler.sources.DeclarationVisitor.processDefineObject(Lcom/sencha/tools/compiler/ast/js/ObjectLiteral;Lcom/sencha/tools/compiler/ast/js/StringLiteral;Ljava/lang/Object;)Z+7
j  com.sencha.tools.compiler.sources.BaseDefineVisitor.processExtDefine(Lcom/sencha/tools/compiler/ast/js/FunctionCall;Ljava/lang/Object;)Z+98
j  com.sencha.tools.compiler.sources.BaseDefineVisitor.onFunctionCall(Lcom/sencha/tools/compiler/ast/js/FunctionCall;)V+23
j  com.sencha.tools.compiler.sources.DeclarationVisitor.onFunctionCall(Lcom/sencha/tools/compiler/ast/js/FunctionCall;)V+376
j  com.sencha.tools.compiler.ast.js.FunctionCall.doVisit(Lcom/sencha/tools/compiler/ast/js/NodeVisitor;)V+2
J 4818 C1 com.sencha.tools.compiler.ast.js.CommentNodevisitor.visit(Lcom/sencha/tools/compiler/ast/js/BaseNode;)V (100 bytes) @ 0x000000010d63a864 [0x000000010d6399c0+0xea4]
J 4834 C1 com.sencha.tools.compiler.sources.DeclarationVisitor.visit(Lcom/sencha/tools/compiler/ast/js/BaseNode;)V (20 bytes) @ 0x000000010d728a34 [0x000000010d728800+0x234]
J 4829 C1 com.sencha.tools.compiler.ast.js.BaseNodeVisitor.onExpressionStatement(Lcom/sencha/tools/compiler/ast/js/ExpressionStatement;)V (6 bytes) @ 0x000000010d729de4 [0x000000010d729c80+0x164]
J 4828 C1 com.sencha.tools.compiler.ast.js.ExpressionStatement.doVisit(Lcom/sencha/tools/compiler/ast/js/NodeVisitor;)V (8 bytes) @ 0x000000010d72ac8c [0x000000010d72ab80+0x10c]
J 4818 C1 com.sencha.tools.compiler.ast.js.CommentNodevisitor.visit(Lcom/sencha/tools/compiler/ast/js/BaseNode;)V (100 bytes) @ 0x000000010d63a864 [0x000000010d6399c0+0xea4]
J 4834 C1 com.sencha.tools.compiler.sources.DeclarationVisitor.visit(Lcom/sencha/tools/compiler/ast/js/BaseNode;)V (20 bytes) @ 0x000000010d728a34 [0x000000010d728800+0x234]
J 4830 C1 com.sencha.tools.compiler.ast.js.NodeContainer.descend(Lcom/sencha/tools/compiler/ast/js/NodeVisitor;)V (40 bytes) @ 0x000000010d72a5a4 [0x000000010d72a1c0+0x3e4]
j  com.sencha.tools.compiler.ast.js.BaseNodeVisitor.onRootNode(Lcom/sencha/tools/compiler/ast/js/RootNode;)V+2
j  com.sencha.tools.compiler.ast.js.RootNode.doVisit(Lcom/sencha/tools/compiler/ast/js/NodeVisitor;)V+2
J 4818 C1 com.sencha.tools.compiler.ast.js.CommentNodevisitor.visit(Lcom/sencha/tools/compiler/ast/js/BaseNode;)V (100 bytes) @ 0x000000010d639cbc [0x000000010d6399c0+0x2fc]
J 4834 C1 com.sencha.tools.compiler.sources.DeclarationVisitor.visit(Lcom/sencha/tools/compiler/ast/js/BaseNode;)V (20 bytes) @ 0x000000010d728a34 [0x000000010d728800+0x234]
j  com.sencha.tools.compiler.sources.SymbolData.loadFileSymbols()V+35
j  com.sencha.tools.compiler.sources.SymbolData.<init>(Lcom/sencha/tools/compiler/sources/SourceFile;)V+59
j  com.sencha.tools.compiler.sources.SourceFile.getSymbols()Lcom/sencha/tools/compiler/sources/SourceFileSymbols;+25
j  com.sencha.tools.compiler.sources.filters.TagFilter.test(Lcom/sencha/tools/compiler/sources/SourceFile;)Z+69
j  com.sencha.tools.compiler.sources.filters.TagFilter.test(Ljava/lang/Object;)Z+5
J 4081 C1 com.sencha.util.filters.Filter.isIncluded(Ljava/lang/Object;)Z (25 bytes) @ 0x000000010d1013cc [0x000000010d1012c0+0x10c]
j  com.sencha.tools.compiler.sources.ClassPathScope.processTransitiveDependencies(Lcom/sencha/util/filters/Filter;ZZ)Lcom/sencha/tools/compiler/sources/ClassPathScope;+68
j  com.sencha.tools.compiler.sources.ClassPathScope.enableTransitiveDependencies(Lcom/sencha/util/filters/Filter;Z)Lcom/sencha/tools/compiler/sources/ClassPathScope;+4
j  com.sencha.tools.compiler.sources.ClassPathScope.enableTransitiveDependencies(Lcom/sencha/util/filters/Filter;)Lcom/sencha/tools/compiler/sources/ClassPathScope;+3
j  com.sencha.tools.page.AppJsonBuilder.load(Lcom/sencha/tools/compiler/CompilerContext;)V+440
j  com.sencha.command.compile.app.LoadAppCommand.execute()V+27
v  ~StubRoutines::call_stub
J 1567  sun.reflect.NativeMethodAccessorImpl.invoke0(Ljava/lang/reflect/Method;Ljava/lang/Object;[Ljava/lang/Object;)Ljava/lang/Object; (0 bytes) @ 0x000000010d4eacb7 [0x000000010d4eac40+0x77]
J 1566 C1 sun.reflect.NativeMethodAccessorImpl.invoke(Ljava/lang/Object;[Ljava/lang/Object;)Ljava/lang/Object; (104 bytes) @ 0x000000010d4ec2d4 [0x000000010d4eb100+0x11d4]
J 3009 C2 java.lang.reflect.Method.invoke(Ljava/lang/Object;[Ljava/lang/Object;)Ljava/lang/Object; (62 bytes) @ 0x000000010dab31e8 [0x000000010dab3140+0xa8]
j  com.sencha.util.MethodInvoker$Arguments.invoke()Ljava/lang/Object;+15
j  com.sencha.cli.Command.dispatch(Lcom/sencha/cli/Arguments;)V+25
j  com.sencha.cli.Commands.dispatch(Lcom/sencha/cli/Arguments;)V+66
j  com.sencha.command.compile.CompileCommands.dispatch(Lcom/sencha/cli/Arguments;)V+2
j  com.sencha.cli.AbstractCommand.dispatch([Ljava/lang/String;)V+9
j  com.sencha.ant.CompileTask$CompileToken.initialize()V+50
j  com.sencha.ant.CompileTask$CompileToken.dispatchCommand(Ljava/lang/String;)V+1
j  com.sencha.ant.CompileTask.doExecute()V+99
j  com.sencha.ant.BaseAntTask.execute()V+1
j  com.sencha.ant.CompileTask.execute()V+23
j  org.apache.tools.ant.UnknownElement.execute()V+58
j  sun.reflect.GeneratedMethodAccessor32.invoke(Ljava/lang/Object;[Ljava/lang/Object;)Ljava/lang/Object;+36
J 3009 C2 java.lang.reflect.Method.invoke(Ljava/lang/Object;[Ljava/lang/Object;)Ljava/lang/Object; (62 bytes) @ 0x000000010dab31e8 [0x000000010dab3140+0xa8]
j  org.apache.tools.ant.dispatch.DispatchUtils.execute(Ljava/lang/Object;)V+518
j  org.apache.tools.ant.Task.perform()V+22
j  org.apache.tools.ant.Target.execute()V+155
j  org.apache.tools.ant.Target.performTasks()V+11
j  org.apache.tools.ant.Project.executeSortedTargets(Ljava/util/Vector;)V+145
j  org.apache.tools.ant.helper.SingleCheckExecutor.executeTargets(Lorg/apache/tools/ant/Project;[Ljava/lang/String;)V+11
j  org.apache.tools.ant.Project.executeTargets(Ljava/util/Vector;)V+29
j  org.apache.tools.ant.taskdefs.Ant.execute()V+684
j  org.apache.tools.ant.UnknownElement.execute()V+58
j  sun.reflect.GeneratedMethodAccessor32.invoke(Ljava/lang/Object;[Ljava/lang/Object;)Ljava/lang/Object;+36
J 3009 C2 java.lang.reflect.Method.invoke(Ljava/lang/Object;[Ljava/lang/Object;)Ljava/lang/Object; (62 bytes) @ 0x000000010dab31e8 [0x000000010dab3140+0xa8]
j  org.apache.tools.ant.dispatch.DispatchUtils.execute(Ljava/lang/Object;)V+518
j  org.apache.tools.ant.Task.perform()V+22
j  org.apache.tools.ant.taskdefs.Sequential.execute()V+40
j  net.sf.antcontrib.logic.IfTask.execute()V+151
v  ~StubRoutines::call_stub
J 1567  sun.reflect.NativeMethodAccessorImpl.invoke0(Ljava/lang/reflect/Method;Ljava/lang/Object;[Ljava/lang/Object;)Ljava/lang/Object; (0 bytes) @ 0x000000010d4eacb7 [0x000000010d4eac40+0x77]
J 1566 C1 sun.reflect.NativeMethodAccessorImpl.invoke(Ljava/lang/Object;[Ljava/lang/Object;)Ljava/lang/Object; (104 bytes) @ 0x000000010d4ec2d4 [0x000000010d4eb100+0x11d4]
J 3009 C2 java.lang.reflect.Method.invoke(Ljava/lang/Object;[Ljava/lang/Object;)Ljava/lang/Object; (62 bytes) @ 0x000000010dab31e8 [0x000000010dab3140+0xa8]
j  org.apache.tools.ant.dispatch.DispatchUtils.execute(Ljava/lang/Object;)V+518
j  org.apache.tools.ant.TaskAdapter.execute()V+228
j  org.apache.tools.ant.UnknownElement.execute()V+58
v  ~StubRoutines::call_stub
J 1567  sun.reflect.NativeMethodAccessorImpl.invoke0(Ljava/lang/reflect/Method;Ljava/lang/Object;[Ljava/lang/Object;)Ljava/lang/Object; (0 bytes) @ 0x000000010d4eacb7 [0x000000010d4eac40+0x77]
J 1566 C1 sun.reflect.NativeMethodAccessorImpl.invoke(Ljava/lang/Object;[Ljava/lang/Object;)Ljava/lang/Object; (104 bytes) @ 0x000000010d4ec2d4 [0x000000010d4eb100+0x11d4]
J 3009 C2 java.lang.reflect.Method.invoke(Ljava/lang/Object;[Ljava/lang/Object;)Ljava/lang/Object; (62 bytes) @ 0x000000010dab31e8 [0x000000010dab3140+0xa8]
j  org.apache.tools.ant.dispatch.DispatchUtils.execute(Ljava/lang/Object;)V+518
j  org.apache.tools.ant.Task.perform()V+22
j  org.apache.tools.ant.Target.execute()V+155
j  org.apache.tools.ant.Target.performTasks()V+11
j  org.apache.tools.ant.Project.executeSortedTargets(Ljava/util/Vector;)V+145
j  org.apache.tools.ant.Project.executeTarget(Ljava/lang/String;)V+27
j  org.apache.tools.ant.helper.DefaultExecutor.executeTargets(Lorg/apache/tools/ant/Project;[Ljava/lang/String;)V+17
j  org.apache.tools.ant.Project.executeTargets(Ljava/util/Vector;)V+29
j  com.sencha.ant.AntScript.execute([Ljava/lang/String;)Lcom/sencha/ant/AntScript;+56
j  com.sencha.command.plugin.PluginManager.execute(Lcom/sencha/command/plugin/PluginManager$Direction;Lcom/sencha/command/plugin/PluginManager$Which;[Ljava/lang/String;)Lcom/sencha/command/plugin/PluginManager;+169
j  com.sencha.command.plugin.PluginManager.executeReverseFirst([Ljava/lang/String;)Lcom/sencha/command/plugin/PluginManager;+8
j  com.sencha.command.environment.BuildEnvironment.execute(Ljava/lang/String;Ljava/util/Map;Lcom/sencha/util/Configuration;)V+81
j  com.sencha.command.environment.AppOrPackageEnvironment.execute(Ljava/lang/String;Ljava/util/Map;Lcom/sencha/util/Configuration;)V+9
j  com.sencha.command.BasePluginCommands$BasePluginCommand.doExecute(Ljava/lang/String;)V+78
j  com.sencha.command.app.AppCommands$BuildCommand.execute([Ljava/lang/String;)V+497
v  ~StubRoutines::call_stub
J 1567  sun.reflect.NativeMethodAccessorImpl.invoke0(Ljava/lang/reflect/Method;Ljava/lang/Object;[Ljava/lang/Object;)Ljava/lang/Object; (0 bytes) @ 0x000000010d4eacb7 [0x000000010d4eac40+0x77]
J 1566 C1 sun.reflect.NativeMethodAccessorImpl.invoke(Ljava/lang/Object;[Ljava/lang/Object;)Ljava/lang/Object; (104 bytes) @ 0x000000010d4ec2d4 [0x000000010d4eb100+0x11d4]
J 1494 C1 sun.reflect.DelegatingMethodAccessorImpl.invoke(Ljava/lang/Object;[Ljava/lang/Object;)Ljava/lang/Object; (10 bytes) @ 0x000000010d4bcf8c [0x000000010d4bce80+0x10c]
J 1493 C1 java.lang.reflect.Method.invoke(Ljava/lang/Object;[Ljava/lang/Object;)Ljava/lang/Object; (62 bytes) @ 0x000000010d4bc99c [0x000000010d4bc5a0+0x3fc]
j  com.sencha.util.MethodInvoker$Arguments.invoke()Ljava/lang/Object;+15
j  com.sencha.cli.Command.dispatch(Lcom/sencha/cli/Arguments;)V+25
j  com.sencha.command.BasePluginCommands$BasePluginCommand.dispatch(Lcom/sencha/cli/Arguments;)V+56
j  com.sencha.cli.Commands.dispatch(Lcom/sencha/cli/Arguments;)V+66
j  com.sencha.cli.Commands.dispatch(Lcom/sencha/cli/Arguments;)V+66
j  com.sencha.command.Sencha.dispatch(Lcom/sencha/cli/Arguments;)V+6
j  com.sencha.command.Sencha.main([Ljava/lang/String;)V+311
v  ~StubRoutines::call_stub
j  sun.reflect.NativeMethodAccessorImpl.invoke0(Ljava/lang/reflect/Method;Ljava/lang/Object;[Ljava/lang/Object;)Ljava/lang/Object;+0
j  sun.reflect.NativeMethodAccessorImpl.invoke(Ljava/lang/Object;[Ljava/lang/Object;)Ljava/lang/Object;+100
j  sun.reflect.DelegatingMethodAccessorImpl.invoke(Ljava/lang/Object;[Ljava/lang/Object;)Ljava/lang/Object;+6
j  java.lang.reflect.Method.invoke(Ljava/lang/Object;[Ljava/lang/Object;)Ljava/lang/Object;+56
j  com.exe4j.runtime.LauncherEngine.launch(Ljava/lang/String;[Ljava/lang/String;Ljava/lang/String;Ljava/lang/String;ZZLjava/lang/ClassLoader;)V+271
j  com.install4j.runtime.launcher.UnixLauncher.start(Ljava/lang/String;Ljava/lang/String;Ljava/lang/String;Ljava/util/Properties;[Ljava/lang/String;)V+246
j  install4j.com.sencha.command.Sencha.main([Ljava/lang/String;)V+26
v  ~StubRoutines::call_stub

---------------  P R O C E S S  ---------------

Java Threads: ( => current thread )
  0x00007fa50f2e6800 JavaThread "Thread-11" daemon [_thread_blocked, id=24835, stack(0x000070000c092000,0x000070000c192000)]
  0x00007fa514091800 JavaThread "Thread-10" daemon [_thread_blocked, id=24323, stack(0x000070000bf8f000,0x000070000c08f000)]
  0x00007fa5128ad800 JavaThread "Thread-9" daemon [_thread_blocked, id=23811, stack(0x000070000be8c000,0x000070000bf8c000)]
  0x00007fa50fcd7000 JavaThread "Thread-8" daemon [_thread_blocked, id=41219, stack(0x000070000bd89000,0x000070000be89000)]
  0x00007fa50e4f5800 JavaThread "Thread-7" daemon [_thread_blocked, id=23555, stack(0x000070000bc86000,0x000070000bd86000)]
  0x00007fa50eb5a000 JavaThread "Keep-Alive-Timer" daemon [_thread_blocked, id=41731, stack(0x000070000bb83000,0x000070000bc83000)]
  0x00007fa50f3d9800 JavaThread "Thread-6" daemon [_thread_blocked, id=42243, stack(0x000070000ba80000,0x000070000bb80000)]
  0x00007fa50fc6c000 JavaThread "Thread-5" daemon [_thread_blocked, id=22787, stack(0x000070000b97d000,0x000070000ba7d000)]
  0x00007fa50fc04000 JavaThread "process reaper" daemon [_thread_blocked, id=22275, stack(0x000070000b952000,0x000070000b97a000)]
  0x00007fa514013800 JavaThread "Thread-4" daemon [_thread_blocked, id=22019, stack(0x000070000b84f000,0x000070000b94f000)]
  0x00007fa50e314800 JavaThread "Thread-3" [_thread_in_native, id=43015, stack(0x000070000b74c000,0x000070000b84c000)]
  0x00007fa50e818800 JavaThread "Timer-0" daemon [_thread_blocked, id=21763, stack(0x000070000b649000,0x000070000b749000)]
  0x00007fa50f050800 JavaThread "Service Thread" daemon [_thread_blocked, id=16899, stack(0x000070000b443000,0x000070000b543000)]
  0x00007fa50f037800 JavaThread "C1 CompilerThread3" daemon [_thread_blocked, id=18179, stack(0x000070000b340000,0x000070000b440000)]
  0x00007fa50f037000 JavaThread "C2 CompilerThread2" daemon [_thread_blocked, id=16387, stack(0x000070000b23d000,0x000070000b33d000)]
  0x00007fa50f036000 JavaThread "C2 CompilerThread1" daemon [_thread_blocked, id=18435, stack(0x000070000b13a000,0x000070000b23a000)]
  0x00007fa50f857000 JavaThread "C2 CompilerThread0" daemon [_thread_in_native, id=15875, stack(0x000070000b037000,0x000070000b137000)]
  0x00007fa50f836800 JavaThread "Signal Dispatcher" daemon [_thread_blocked, id=15363, stack(0x000070000af34000,0x000070000b034000)]
  0x00007fa50e01d000 JavaThread "Finalizer" daemon [_thread_blocked, id=19971, stack(0x000070000ad2b000,0x000070000ae2b000)]
  0x00007fa50f808800 JavaThread "Reference Handler" daemon [_thread_blocked, id=12547, stack(0x000070000ac28000,0x000070000ad28000)]
=>0x00007fa50e00b800 JavaThread "main" [_thread_in_vm, id=4099, stack(0x000070000a20a000,0x000070000a30a000)]

Other Threads:
  0x00007fa50e810000 VMThread [stack: 0x000070000ab25000,0x000070000ac25000] [id=20739]
  0x00007fa50f051000 WatcherThread [stack: 0x000070000b546000,0x000070000b646000] [id=17411]

VM state:not at safepoint (normal execution)

VM Mutex/Monitor currently owned by a thread:  ([mutex/lock_event])
[0x00007fa50dc04950] CodeCache_lock - owner thread: 0x00007fa50e00b800
[0x00007fa50dc05fd0] Compile_lock - owner thread: 0x00007fa50e00b800

heap address: 0x00000006c0000000, size: 4096 MB, Compressed Oops mode: Zero based, Oop shift amount: 3
Narrow klass base: 0x0000000000000000, Narrow klass shift: 3
Compressed class space size: 1073741824 Address: 0x00000007c0000000

Heap:
 PSYoungGen      total 558080K, used 26671K [0x000000076ab00000, 0x00000007a2600000, 0x00000007c0000000)
  eden space 509952K, 5% used [0x000000076ab00000,0x000000076c50bfc0,0x0000000789d00000)
  from space 48128K, 0% used [0x0000000789d00000,0x0000000789d00000,0x000000078cc00000)
  to   space 48128K, 0% used [0x000000079f700000,0x000000079f700000,0x00000007a2600000)
 ParOldGen       total 199168K, used 84996K [0x00000006c0000000, 0x00000006cc280000, 0x000000076ab00000)
  object space 199168K, 42% used [0x00000006c0000000,0x00000006c5301270,0x00000006cc280000)
 Metaspace       used 25487K, capacity 26214K, committed 26544K, reserved 1073152K
  class space    used 2862K, capacity 3165K, committed 3248K, reserved 1048576K

Card table byte_map: [0x000000010a912000,0x000000010b113000] byte_map_base: 0x0000000107312000

Marking Bits: (ParMarkBitMap*) 0x000000010a29f5b0
 Begin Bits: [0x000000011bf9c000, 0x000000011ff9c000)
 End Bits:   [0x000000011ff9c000, 0x0000000123f9c000)

Polling page: 0x0000000108868000

CodeCache: size=245760Kb used=14992Kb max_used=15620Kb free=230767Kb
 bounds [0x000000010cf9c000, 0x000000010df0c000, 0x000000011bf9c000]
 total_blobs=4612 nmethods=4166 adapters=359
 compilation: enabled

Compilation events (10 events):
Event: 6.363 Thread 0x00007fa50f037800 4864       3       org.mozilla.javascript.ast.ScriptNode::setBaseLineno (21 bytes)
Event: 6.363 Thread 0x00007fa50f037800 nmethod 4864 0x000000010d1bbe50 code [0x000000010d1bbfe0, 0x000000010d1bc418]
Event: 6.363 Thread 0x00007fa50f037800 4865       3       org.mozilla.javascript.ast.ScriptNode::setEndLineno (21 bytes)
Event: 6.363 Thread 0x00007fa50f037800 nmethod 4865 0x000000010d1bb6d0 code [0x000000010d1bb860, 0x000000010d1bbc98]
Event: 6.363 Thread 0x00007fa50f037800 4866       3       org.mozilla.javascript.Parser::getDirective (32 bytes)
Event: 6.364 Thread 0x00007fa50f037800 nmethod 4866 0x000000010d62a3d0 code [0x000000010d62a560, 0x000000010d62ab50]
Event: 6.364 Thread 0x00007fa50f037800 4867       3       org.mozilla.javascript.Parser::createNameNode (8 bytes)
Event: 6.364 Thread 0x00007fa50f037800 nmethod 4867 0x000000010d625290 code [0x000000010d625400, 0x000000010d625588]
Event: 6.364 Thread 0x00007fa50f036000 nmethod 4623 0x000000010d1bb1d0 code [0x000000010d1bb320, 0x000000010d1bb598]
Event: 6.364 Thread 0x00007fa50f036000 4858   !   4       java.io.BufferedReader::readLine (304 bytes)

GC Heap History (10 events):
Event: 3.504 GC heap before
{Heap before GC invocations=6 (full 0):
 PSYoungGen      total 141824K, used 141811K [0x000000076ab00000, 0x000000077d800000, 0x00000007c0000000)
  eden space 131072K, 100% used [0x000000076ab00000,0x0000000772b00000,0x0000000772b00000)
  from space 10752K, 99% used [0x0000000772b00000,0x000000077357cc40,0x0000000773580000)
  to   space 23040K, 0% used [0x000000077c180000,0x000000077c180000,0x000000077d800000)
 ParOldGen       total 175104K, used 23714K [0x00000006c0000000, 0x00000006cab00000, 0x000000076ab00000)
  object space 175104K, 13% used [0x00000006c0000000,0x00000006c1728840,0x00000006cab00000)
 Metaspace       used 18514K, capacity 18872K, committed 19072K, reserved 1067008K
  class space    used 1979K, capacity 2088K, committed 2176K, reserved 1048576K
Event: 3.531 GC heap after
Heap after GC invocations=6 (full 0):
 PSYoungGen      total 282624K, used 22170K [0x000000076ab00000, 0x000000077dd00000, 0x00000007c0000000)
  eden space 259584K, 0% used [0x000000076ab00000,0x000000076ab00000,0x000000077a880000)
  from space 23040K, 96% used [0x000000077c180000,0x000000077d726980,0x000000077d800000)
  to   space 25600K, 0% used [0x000000077a880000,0x000000077a880000,0x000000077c180000)
 ParOldGen       total 175104K, used 23722K [0x00000006c0000000, 0x00000006cab00000, 0x000000076ab00000)
  object space 175104K, 13% used [0x00000006c0000000,0x00000006c172a840,0x00000006cab00000)
 Metaspace       used 18514K, capacity 18872K, committed 19072K, reserved 1067008K
  class space    used 1979K, capacity 2088K, committed 2176K, reserved 1048576K
}
Event: 4.523 GC heap before
{Heap before GC invocations=7 (full 0):
 PSYoungGen      total 282624K, used 281754K [0x000000076ab00000, 0x000000077dd00000, 0x00000007c0000000)
  eden space 259584K, 100% used [0x000000076ab00000,0x000000077a880000,0x000000077a880000)
  from space 23040K, 96% used [0x000000077c180000,0x000000077d726980,0x000000077d800000)
  to   space 25600K, 0% used [0x000000077a880000,0x000000077a880000,0x000000077c180000)
 ParOldGen       total 175104K, used 23722K [0x00000006c0000000, 0x00000006cab00000, 0x000000076ab00000)
  object space 175104K, 13% used [0x00000006c0000000,0x00000006c172a840,0x00000006cab00000)
 Metaspace       used 19517K, capacity 19878K, committed 20224K, reserved 1067008K
  class space    used 2096K, capacity 2188K, committed 2304K, reserved 1048576K
Event: 4.565 GC heap after
Heap after GC invocations=7 (full 0):
 PSYoungGen      total 285184K, used 25586K [0x000000076ab00000, 0x000000078f200000, 0x00000007c0000000)
  eden space 259584K, 0% used [0x000000076ab00000,0x000000076ab00000,0x000000077a880000)
  from space 25600K, 99% used [0x000000077a880000,0x000000077c17ca40,0x000000077c180000)
  to   space 38912K, 0% used [0x000000078cc00000,0x000000078cc00000,0x000000078f200000)
 ParOldGen       total 175104K, used 43494K [0x00000006c0000000, 0x00000006cab00000, 0x000000076ab00000)
  object space 175104K, 24% used [0x00000006c0000000,0x00000006c2a79b20,0x00000006cab00000)
 Metaspace       used 19517K, capacity 19878K, committed 20224K, reserved 1067008K
  class space    used 2096K, capacity 2188K, committed 2304K, reserved 1048576K
}
Event: 5.144 GC heap before
{Heap before GC invocations=8 (full 0):
 PSYoungGen      total 285184K, used 285170K [0x000000076ab00000, 0x000000078f200000, 0x00000007c0000000)
  eden space 259584K, 100% used [0x000000076ab00000,0x000000077a880000,0x000000077a880000)
  from space 25600K, 99% used [0x000000077a880000,0x000000077c17ca40,0x000000077c180000)
  to   space 38912K, 0% used [0x000000078cc00000,0x000000078cc00000,0x000000078f200000)
 ParOldGen       total 175104K, used 43494K [0x00000006c0000000, 0x00000006cab00000, 0x000000076ab00000)
  object space 175104K, 24% used [0x00000006c0000000,0x00000006c2a79b20,0x00000006cab00000)
 Metaspace       used 19927K, capacity 20312K, committed 20480K, reserved 1067008K
  class space    used 2120K, capacity 2223K, committed 2304K, reserved 1048576K
Event: 5.176 GC heap after
Heap after GC invocations=8 (full 0):
 PSYoungGen      total 548864K, used 38902K [0x000000076ab00000, 0x0000000790400000, 0x00000007c0000000)
  eden space 509952K, 0% used [0x000000076ab00000,0x000000076ab00000,0x0000000789d00000)
  from space 38912K, 99% used [0x000000078cc00000,0x000000078f1fd810,0x000000078f200000)
  to   space 48128K, 0% used [0x0000000789d00000,0x0000000789d00000,0x000000078cc00000)
 ParOldGen       total 175104K, used 51544K [0x00000006c0000000, 0x00000006cab00000, 0x000000076ab00000)
  object space 175104K, 29% used [0x00000006c0000000,0x00000006c3256080,0x00000006cab00000)
 Metaspace       used 19927K, capacity 20312K, committed 20480K, reserved 1067008K
  class space    used 2120K, capacity 2223K, committed 2304K, reserved 1048576K
}
Event: 5.598 GC heap before
{Heap before GC invocations=9 (full 0):
 PSYoungGen      total 548864K, used 295598K [0x000000076ab00000, 0x0000000790400000, 0x00000007c0000000)
  eden space 509952K, 50% used [0x000000076ab00000,0x000000077a5ae058,0x0000000789d00000)
  from space 38912K, 99% used [0x000000078cc00000,0x000000078f1fd810,0x000000078f200000)
  to   space 48128K, 0% used [0x0000000789d00000,0x0000000789d00000,0x000000078cc00000)
 ParOldGen       total 175104K, used 51544K [0x00000006c0000000, 0x00000006cab00000, 0x000000076ab00000)
  object space 175104K, 29% used [0x00000006c0000000,0x00000006c3256080,0x00000006cab00000)
 Metaspace       used 20896K, capacity 21272K, committed 21296K, reserved 1069056K
  class space    used 2209K, capacity 2329K, committed 2352K, reserved 1048576K
Event: 5.630 GC heap after
Heap after GC invocations=9 (full 0):
 PSYoungGen      total 558080K, used 30223K [0x000000076ab00000, 0x00000007a2600000, 0x00000007c0000000)
  eden space 509952K, 0% used [0x000000076ab00000,0x000000076ab00000,0x0000000789d00000)
  from space 48128K, 62% used [0x0000000789d00000,0x000000078ba83e78,0x000000078cc00000)
  to   space 48128K, 0% used [0x000000079f700000,0x000000079f700000,0x00000007a2600000)
 ParOldGen       total 175104K, used 62849K [0x00000006c0000000, 0x00000006cab00000, 0x000000076ab00000)
  object space 175104K, 35% used [0x00000006c0000000,0x00000006c3d60680,0x00000006cab00000)
 Metaspace       used 20896K, capacity 21272K, committed 21296K, reserved 1069056K
  class space    used 2209K, capacity 2329K, committed 2352K, reserved 1048576K
}
Event: 5.630 GC heap before
{Heap before GC invocations=10 (full 1):
 PSYoungGen      total 558080K, used 30223K [0x000000076ab00000, 0x00000007a2600000, 0x00000007c0000000)
  eden space 509952K, 0% used [0x000000076ab00000,0x000000076ab00000,0x0000000789d00000)
  from space 48128K, 62% used [0x0000000789d00000,0x000000078ba83e78,0x000000078cc00000)
  to   space 48128K, 0% used [0x000000079f700000,0x000000079f700000,0x00000007a2600000)
 ParOldGen       total 175104K, used 62849K [0x00000006c0000000, 0x00000006cab00000, 0x000000076ab00000)
  object space 175104K, 35% used [0x00000006c0000000,0x00000006c3d60680,0x00000006cab00000)
 Metaspace       used 20896K, capacity 21272K, committed 21296K, reserved 1069056K
  class space    used 2209K, capacity 2329K, committed 2352K, reserved 1048576K
Event: 5.884 GC heap after
Heap after GC invocations=10 (full 1):
 PSYoungGen      total 558080K, used 0K [0x000000076ab00000, 0x00000007a2600000, 0x00000007c0000000)
  eden space 509952K, 0% used [0x000000076ab00000,0x000000076ab00000,0x0000000789d00000)
  from space 48128K, 0% used [0x0000000789d00000,0x0000000789d00000,0x000000078cc00000)
  to   space 48128K, 0% used [0x000000079f700000,0x000000079f700000,0x00000007a2600000)
 ParOldGen       total 199168K, used 84996K [0x00000006c0000000, 0x00000006cc280000, 0x000000076ab00000)
  object space 199168K, 42% used [0x00000006c0000000,0x00000006c5301270,0x00000006cc280000)
 Metaspace       used 20896K, capacity 21272K, committed 21296K, reserved 1069056K
  class space    used 2209K, capacity 2329K, committed 2352K, reserved 1048576K
}

Deoptimization events (10 events):
Event: 6.236 Thread 0x00007fa50e00b800 Uncommon trap: reason=unstable_if action=reinterpret pc=0x000000010d91a760 method=java.lang.Integer.parseInt(Ljava/lang/String;I)I @ 122
Event: 6.251 Thread 0x00007fa50e00b800 Uncommon trap: reason=bimorphic action=maybe_recompile pc=0x000000010dda5cf8 method=java.util.Collections$UnmodifiableCollection$1.<init>(Ljava/util/Collections$UnmodifiableCollection;)V @ 17
Event: 6.252 Thread 0x00007fa50e00b800 Uncommon trap: reason=bimorphic action=maybe_recompile pc=0x000000010d2df204 method=java.lang.ClassLoader.loadClass(Ljava/lang/String;Z)Ljava/lang/Class; @ 38
Event: 6.253 Thread 0x00007fa50e00b800 Uncommon trap: reason=bimorphic action=maybe_recompile pc=0x000000010d2df204 method=java.lang.ClassLoader.loadClass(Ljava/lang/String;Z)Ljava/lang/Class; @ 38
Event: 6.253 Thread 0x00007fa50e00b800 Uncommon trap: reason=bimorphic action=maybe_recompile pc=0x000000010d2df204 method=java.lang.ClassLoader.loadClass(Ljava/lang/String;Z)Ljava/lang/Class; @ 38
Event: 6.253 Thread 0x00007fa50e00b800 Uncommon trap: reason=bimorphic action=maybe_recompile pc=0x000000010d2df204 method=java.lang.ClassLoader.loadClass(Ljava/lang/String;Z)Ljava/lang/Class; @ 38
Event: 6.287 Thread 0x00007fa50e00b800 Uncommon trap: reason=unstable_if action=reinterpret pc=0x000000010d0e3064 method=org.mozilla.javascript.TokenStream.getChar(Z)I @ 208
Event: 6.287 Thread 0x00007fa50e00b800 Uncommon trap: reason=unstable_if action=reinterpret pc=0x000000010d108f7c method=org.mozilla.javascript.Parser.peekToken()I @ 39
Event: 6.316 Thread 0x00007fa50e00b800 Uncommon trap: reason=unstable_if action=reinterpret pc=0x000000010d669ae0 method=java.util.TreeMap.put(Ljava/lang/Object;Ljava/lang/Object;)Ljava/lang/Object; @ 55
Event: 6.355 Thread 0x00007fa50e00b800 Uncommon trap: reason=unstable_if action=reinterpret pc=0x000000010d6316f4 method=java.lang.String.trim()Ljava/lang/String; @ 63

Classes redefined (0 events):
No events

Internal exceptions (10 events):
Event: 5.197 Thread 0x00007fa50e00b800 Exception <a 'java/lang/ClassNotFoundException': com/sencha/command/compile/app/LoadAppCommandBeanInfo> (0x000000076b39df70) thrown at [/Users/jenkins/workspace/build-scripts/jobs/jdk8u/jdk8u-mac-x64-hotspot/workspace/build/src/hotspot/src/share/vm/classf
Event: 5.198 Thread 0x00007fa50e00b800 Exception <a 'java/lang/ClassNotFoundException': com/sencha/command/compile/app/BaseAppCompileCommandBeanInfo> (0x000000076b3af248) thrown at [/Users/jenkins/workspace/build-scripts/jobs/jdk8u/jdk8u-mac-x64-hotspot/workspace/build/src/hotspot/src/share/vm
Event: 5.198 Thread 0x00007fa50e00b800 Exception <a 'java/lang/ClassNotFoundException': com/sencha/command/compile/BaseCompileCommandBeanInfo> (0x000000076b3bf518) thrown at [/Users/jenkins/workspace/build-scripts/jobs/jdk8u/jdk8u-mac-x64-hotspot/workspace/build/src/hotspot/src/share/vm/classf
Event: 5.198 Thread 0x00007fa50e00b800 Exception <a 'java/lang/ClassNotFoundException': com/sencha/command/BaseSenchaCommandBeanInfo> (0x000000076b3ce288) thrown at [/Users/jenkins/workspace/build-scripts/jobs/jdk8u/jdk8u-mac-x64-hotspot/workspace/build/src/hotspot/src/share/vm/classfile/syste
Event: 5.198 Thread 0x00007fa50e00b800 Exception <a 'java/lang/ClassNotFoundException': com/sencha/cli/CommandBeanInfo> (0x000000076b3daa60) thrown at [/Users/jenkins/workspace/build-scripts/jobs/jdk8u/jdk8u-mac-x64-hotspot/workspace/build/src/hotspot/src/share/vm/classfile/systemDictionary.cp
Event: 5.198 Thread 0x00007fa50e00b800 Exception <a 'java/lang/ClassNotFoundException': com/sencha/cli/CommandCustomizer> (0x000000076b3e7910) thrown at [/Users/jenkins/workspace/build-scripts/jobs/jdk8u/jdk8u-mac-x64-hotspot/workspace/build/src/hotspot/src/share/vm/classfile/systemDictionary.
Event: 5.199 Thread 0x00007fa50e00b800 Exception <a 'java/lang/ClassNotFoundException': com/sencha/command/BaseSenchaCommandCustomizer> (0x000000076b3fa170) thrown at [/Users/jenkins/workspace/build-scripts/jobs/jdk8u/jdk8u-mac-x64-hotspot/workspace/build/src/hotspot/src/share/vm/classfile/sys
Event: 5.199 Thread 0x00007fa50e00b800 Exception <a 'java/lang/ClassNotFoundException': com/sencha/command/compile/BaseCompileCommandCustomizer> (0x000000076b4138b8) thrown at [/Users/jenkins/workspace/build-scripts/jobs/jdk8u/jdk8u-mac-x64-hotspot/workspace/build/src/hotspot/src/share/vm/clas
Event: 5.200 Thread 0x00007fa50e00b800 Exception <a 'java/lang/ClassNotFoundException': com/sencha/command/compile/app/BaseAppCompileCommandCustomizer> (0x000000076b428eb0) thrown at [/Users/jenkins/workspace/build-scripts/jobs/jdk8u/jdk8u-mac-x64-hotspot/workspace/build/src/hotspot/src/share/
Event: 5.200 Thread 0x00007fa50e00b800 Exception <a 'java/lang/ClassNotFoundException': com/sencha/command/compile/app/LoadAppCommandCustomizer> (0x000000076b43c380) thrown at [/Users/jenkins/workspace/build-scripts/jobs/jdk8u/jdk8u-mac-x64-hotspot/workspace/build/src/hotspot/src/share/vm/clas

Events (10 events):
Event: 6.365 loading class com/sencha/tools/compiler/sources/types/ClassMember
Event: 6.365 loading class com/sencha/tools/compiler/sources/types/ClassMember done
Event: 6.365 loading class com/sencha/tools/compiler/sources/types/ClassConfig
Event: 6.365 loading class com/sencha/tools/compiler/sources/types/ClassConfig done
Event: 6.365 loading class com/sencha/tools/compiler/sources/types/ClassMethod
Event: 6.365 loading class com/sencha/tools/compiler/sources/types/ClassMethod done
Event: 6.365 loading class com/sencha/tools/compiler/sources/types/ClassProperty
Event: 6.365 loading class com/sencha/tools/compiler/sources/types/ClassProperty done
Event: 6.366 loading class com/sencha/tools/compiler/sources/types/ClassDefinition$1
Event: 6.366 loading class com/sencha/tools/compiler/sources/types/ClassDefinition$1 done


Dynamic libraries:
0x00007fff2e711000 	/System/Library/Frameworks/Cocoa.framework/Versions/A/Cocoa
0x00007fff3bf0a000 	/System/Library/Frameworks/Security.framework/Versions/A/Security
0x00007fff2d676000 	/System/Library/Frameworks/ApplicationServices.framework/Versions/A/ApplicationServices
0x00007fff68bc7000 	/usr/lib/libz.1.dylib
0x00007fff6668b000 	/usr/lib/libSystem.B.dylib
0x00007fff684eb000 	/usr/lib/libobjc.A.dylib
0x00007fff31c70000 	/System/Library/Frameworks/Foundation.framework/Versions/C/Foundation
0x00007fff2f5b3000 	/System/Library/Frameworks/CoreFoundation.framework/Versions/A/CoreFoundation
0x00007fff2c866000 	/System/Library/Frameworks/AppKit.framework/Versions/C/AppKit
0x00007fff2f095000 	/System/Library/Frameworks/CoreData.framework/Versions/A/CoreData
0x00007fff606a0000 	/System/Library/PrivateFrameworks/UIFoundation.framework/Versions/A/UIFoundation
0x00007fff5b734000 	/System/Library/PrivateFrameworks/RemoteViewServices.framework/Versions/A/RemoteViewServices
0x00007fff631fb000 	/System/Library/PrivateFrameworks/XCTTargetBootstrap.framework/Versions/A/XCTTargetBootstrap
0x00007fff2f480000 	/System/Library/Frameworks/CoreDisplay.framework/Versions/A/CoreDisplay
0x00007fff34b2b000 	/System/Library/Frameworks/Metal.framework/Versions/A/Metal
0x00007fff49721000 	/System/Library/PrivateFrameworks/DesktopServicesPriv.framework/Versions/A/DesktopServicesPriv
0x00007fff677c6000 	/usr/lib/liblangid.dylib
0x00007fff489b6000 	/System/Library/PrivateFrameworks/CoreSVG.framework/Versions/A/CoreSVG
0x00007fff5e890000 	/System/Library/PrivateFrameworks/SkyLight.framework/Versions/A/SkyLight
0x00007fff2fa34000 	/System/Library/Frameworks/CoreGraphics.framework/Versions/A/CoreGraphics
0x00007fff2b23a000 	/System/Library/Frameworks/Accelerate.framework/Versions/A/Accelerate
0x00007fff68ab8000 	/usr/lib/libxml2.2.dylib
0x00007fff546bf000 	/System/Library/PrivateFrameworks/IconServices.framework/Versions/A/IconServices
0x00007fff3244f000 	/System/Library/Frameworks/IOSurface.framework/Versions/A/IOSurface
0x00007fff661b5000 	/usr/lib/libDiagnosticMessagesClient.dylib
0x00007fff4957b000 	/System/Library/PrivateFrameworks/DFRFoundation.framework/Versions/A/DFRFoundation
0x00007fff67555000 	/usr/lib/libicucore.A.dylib
0x00007fff2d9a8000 	/System/Library/Frameworks/AudioToolbox.framework/Versions/A/AudioToolbox
0x00007fff2da8b000 	/System/Library/Frameworks/AudioUnit.framework/Versions/A/AudioUnit
0x00007fff6688d000 	/usr/lib/libauto.dylib
0x00007fff4961d000 	/System/Library/PrivateFrameworks/DataDetectorsCore.framework/Versions/A/DataDetectorsCore
0x00007fff2e232000 	/System/Library/Frameworks/Carbon.framework/Versions/A/Frameworks/HIToolbox.framework/Versions/A/HIToolbox
0x00007fff3b104000 	/System/Library/Frameworks/QuartzCore.framework/Versions/A/QuartzCore
0x00007fff2e571000 	/System/Library/Frameworks/Carbon.framework/Versions/A/Frameworks/SpeechRecognition.framework/Versions/A/SpeechRecognition
0x00007fff4908f000 	/System/Library/PrivateFrameworks/CoreUI.framework/Versions/A/CoreUI
0x00007fff2eb00000 	/System/Library/Frameworks/CoreAudio.framework/Versions/A/CoreAudio
0x00007fff3192f000 	/System/Library/Frameworks/DiskArbitration.framework/Versions/A/DiskArbitration
0x00007fff5670f000 	/System/Library/PrivateFrameworks/MultitouchSupport.framework/Versions/A/MultitouchSupport
0x00007fff6741c000 	/usr/lib/libenergytrace.dylib
0x00007fff323a9000 	/System/Library/Frameworks/IOKit.framework/Versions/A/IOKit
0x00007fff3099b000 	/System/Library/Frameworks/CoreServices.framework/Versions/A/CoreServices
0x00007fff588c7000 	/System/Library/PrivateFrameworks/PerformanceAnalysis.framework/Versions/A/PerformanceAnalysis
0x00007fff3a137000 	/System/Library/Frameworks/OpenGL.framework/Versions/A/OpenGL
0x00007fff2e71f000 	/System/Library/Frameworks/ColorSync.framework/Versions/A/ColorSync
0x00007fff300b7000 	/System/Library/Frameworks/CoreImage.framework/Versions/A/CoreImage
0x00007fff3140e000 	/System/Library/Frameworks/CoreText.framework/Versions/A/CoreText
0x00007fff324df000 	/System/Library/Frameworks/ImageIO.framework/Versions/A/ImageIO
0x00007fff66971000 	/usr/lib/libc++.1.dylib
0x00007fff669ed000 	/usr/lib/libcompression.dylib
0x00007fff664f9000 	/usr/lib/libMobileGestalt.dylib
0x00007fff6040a000 	/System/Library/PrivateFrameworks/TextureIO.framework/Versions/A/TextureIO
0x00007fff667f0000 	/usr/lib/libate.dylib
0x00007fff548c8000 	/System/Library/PrivateFrameworks/InternationalSupport.framework/Versions/A/InternationalSupport
0x00007fff69488000 	/usr/lib/system/libcache.dylib
0x00007fff6948e000 	/usr/lib/system/libcommonCrypto.dylib
0x00007fff6949a000 	/usr/lib/system/libcompiler_rt.dylib
0x00007fff694a2000 	/usr/lib/system/libcopyfile.dylib
0x00007fff694ac000 	/usr/lib/system/libcorecrypto.dylib
0x00007fff6964b000 	/usr/lib/system/libdispatch.dylib
0x00007fff6968c000 	/usr/lib/system/libdyld.dylib
0x00007fff696c3000 	/usr/lib/system/libkeymgr.dylib
0x00007fff696d1000 	/usr/lib/system/liblaunch.dylib
0x00007fff696d2000 	/usr/lib/system/libmacho.dylib
0x00007fff696d8000 	/usr/lib/system/libquarantine.dylib
0x00007fff696db000 	/usr/lib/system/libremovefile.dylib
0x00007fff696dd000 	/usr/lib/system/libsystem_asl.dylib
0x00007fff696f5000 	/usr/lib/system/libsystem_blocks.dylib
0x00007fff696f6000 	/usr/lib/system/libsystem_c.dylib
0x00007fff6977e000 	/usr/lib/system/libsystem_configuration.dylib
0x00007fff69782000 	/usr/lib/system/libsystem_coreservices.dylib
0x00007fff69786000 	/usr/lib/system/libsystem_darwin.dylib
0x00007fff6978f000 	/usr/lib/system/libsystem_dnssd.dylib
0x00007fff69797000 	/usr/lib/system/libsystem_featureflags.dylib
0x00007fff69799000 	/usr/lib/system/libsystem_info.dylib
0x00007fff69814000 	/usr/lib/system/libsystem_m.dylib
0x00007fff6985c000 	/usr/lib/system/libsystem_malloc.dylib
0x00007fff69884000 	/usr/lib/system/libsystem_networkextension.dylib
0x00007fff69892000 	/usr/lib/system/libsystem_notify.dylib
0x00007fff698b0000 	/usr/lib/system/libsystem_sandbox.dylib
0x00007fff698b5000 	/usr/lib/system/libsystem_secinit.dylib
0x00007fff697e7000 	/usr/lib/system/libsystem_kernel.dylib
0x00007fff6989c000 	/usr/lib/system/libsystem_platform.dylib
0x00007fff698a5000 	/usr/lib/system/libsystem_pthread.dylib
0x00007fff698b8000 	/usr/lib/system/libsystem_symptoms.dylib
0x00007fff698c0000 	/usr/lib/system/libsystem_trace.dylib
0x00007fff698d8000 	/usr/lib/system/libunwind.dylib
0x00007fff698de000 	/usr/lib/system/libxpc.dylib
0x00007fff669c4000 	/usr/lib/libc++abi.dylib
0x00007fff677c8000 	/usr/lib/liblzma.5.dylib
0x00007fff67443000 	/usr/lib/libfakelink.dylib
0x00007fff6677d000 	/usr/lib/libarchive.2.dylib
0x00007fff3cfbb000 	/System/Library/Frameworks/SystemConfiguration.framework/Versions/A/SystemConfiguration
0x00007fff660e8000 	/usr/lib/libCRFSuite.dylib
0x00007fff2de22000 	/System/Library/Frameworks/CFNetwork.framework/Versions/A/CFNetwork
0x00007fff66953000 	/usr/lib/libbsm.0.dylib
0x00007fff696c4000 	/usr/lib/system/libkxld.dylib
0x00007fff42ef8000 	/System/Library/PrivateFrameworks/AppleFSCompression.framework/Versions/A/AppleFSCompression
0x00007fff66cde000 	/usr/lib/libcoretls.dylib
0x00007fff66cf5000 	/usr/lib/libcoretls_cfhelpers.dylib
0x00007fff68531000 	/usr/lib/libpam.2.dylib
0x00007fff68666000 	/usr/lib/libsqlite3.dylib
0x00007fff68aa5000 	/usr/lib/libxar.1.dylib
0x00007fff66964000 	/usr/lib/libbz2.1.0.dylib
0x00007fff67464000 	/usr/lib/libiconv.2.dylib
0x00007fff669da000 	/usr/lib/libcharset.1.dylib
0x00007fff67fce000 	/usr/lib/libnetwork.dylib
0x00007fff68538000 	/usr/lib/libpcap.A.dylib
0x00007fff66732000 	/usr/lib/libapple_nghttp2.dylib
0x00007fff30d52000 	/System/Library/Frameworks/CoreServices.framework/Versions/A/Frameworks/FSEvents.framework/Versions/A/FSEvents
0x00007fff30a22000 	/System/Library/Frameworks/CoreServices.framework/Versions/A/Frameworks/CarbonCore.framework/Versions/A/CarbonCore
0x00007fff30f96000 	/System/Library/Frameworks/CoreServices.framework/Versions/A/Frameworks/Metadata.framework/Versions/A/Metadata
0x00007fff3102f000 	/System/Library/Frameworks/CoreServices.framework/Versions/A/Frameworks/OSServices.framework/Versions/A/OSServices
0x00007fff3105d000 	/System/Library/Frameworks/CoreServices.framework/Versions/A/Frameworks/SearchKit.framework/Versions/A/SearchKit
0x00007fff3099c000 	/System/Library/Frameworks/CoreServices.framework/Versions/A/Frameworks/AE.framework/Versions/A/AE
0x00007fff30d5b000 	/System/Library/Frameworks/CoreServices.framework/Versions/A/Frameworks/LaunchServices.framework/Versions/A/LaunchServices
0x00007fff30d04000 	/System/Library/Frameworks/CoreServices.framework/Versions/A/Frameworks/DictionaryServices.framework/Versions/A/DictionaryServices
0x00007fff310c5000 	/System/Library/Frameworks/CoreServices.framework/Versions/A/Frameworks/SharedFileList.framework/Versions/A/SharedFileList
0x00007fff35f56000 	/System/Library/Frameworks/NetFS.framework/Versions/A/NetFS
0x00007fff56c3f000 	/System/Library/PrivateFrameworks/NetAuth.framework/Versions/A/NetAuth
0x00007fff635c8000 	/System/Library/PrivateFrameworks/login.framework/Versions/A/Frameworks/loginsupport.framework/Versions/A/loginsupport
0x00007fff5fed5000 	/System/Library/PrivateFrameworks/TCC.framework/Versions/A/TCC
0x00007fff47b29000 	/System/Library/PrivateFrameworks/CoreNLP.framework/Versions/A/CoreNLP
0x00007fff5613c000 	/System/Library/PrivateFrameworks/MetadataUtilities.framework/Versions/A/MetadataUtilities
0x00007fff678a0000 	/usr/lib/libmecabra.dylib
0x00007fff677f8000 	/usr/lib/libmecab.dylib
0x00007fff67454000 	/usr/lib/libgermantok.dylib
0x00007fff66719000 	/usr/lib/libThaiTokenizer.dylib
0x00007fff6611f000 	/usr/lib/libChineseTokenizer.dylib
0x00007fff2b252000 	/System/Library/Frameworks/Accelerate.framework/Versions/A/Frameworks/vImage.framework/Versions/A/vImage
0x00007fff2c6bc000 	/System/Library/Frameworks/Accelerate.framework/Versions/A/Frameworks/vecLib.framework/Versions/A/vecLib
0x00007fff2c5f9000 	/System/Library/Frameworks/Accelerate.framework/Versions/A/Frameworks/vecLib.framework/Versions/A/libvMisc.dylib
0x00007fff2c421000 	/System/Library/Frameworks/Accelerate.framework/Versions/A/Frameworks/vecLib.framework/Versions/A/libvDSP.dylib
0x00007fff2b8a9000 	/System/Library/Frameworks/Accelerate.framework/Versions/A/Frameworks/vecLib.framework/Versions/A/libBLAS.dylib
0x00007fff2bfe5000 	/System/Library/Frameworks/Accelerate.framework/Versions/A/Frameworks/vecLib.framework/Versions/A/libLAPACK.dylib
0x00007fff2c381000 	/System/Library/Frameworks/Accelerate.framework/Versions/A/Frameworks/vecLib.framework/Versions/A/libLinearAlgebra.dylib
0x00007fff2c40e000 	/System/Library/Frameworks/Accelerate.framework/Versions/A/Frameworks/vecLib.framework/Versions/A/libSparseBLAS.dylib
0x00007fff2c397000 	/System/Library/Frameworks/Accelerate.framework/Versions/A/Frameworks/vecLib.framework/Versions/A/libQuadrature.dylib
0x00007fff2bb11000 	/System/Library/Frameworks/Accelerate.framework/Versions/A/Frameworks/vecLib.framework/Versions/A/libBNNS.dylib
0x00007fff2c39d000 	/System/Library/Frameworks/Accelerate.framework/Versions/A/Frameworks/vecLib.framework/Versions/A/libSparse.dylib
0x00007fff54cb0000 	/System/Library/PrivateFrameworks/LanguageModeling.framework/Versions/A/LanguageModeling
0x00007fff474d9000 	/System/Library/PrivateFrameworks/CoreEmoji.framework/Versions/A/CoreEmoji
0x00007fff54dce000 	/System/Library/PrivateFrameworks/LinguisticData.framework/Versions/A/LinguisticData
0x00007fff54d7f000 	/System/Library/PrivateFrameworks/Lexicon.framework/Versions/A/Lexicon
0x00007fff669db000 	/usr/lib/libcmph.dylib
0x00007fff38b45000 	/System/Library/Frameworks/OpenDirectory.framework/Versions/A/Frameworks/CFOpenDirectory.framework/Versions/A/CFOpenDirectory
0x00007fff38b62000 	/System/Library/Frameworks/OpenDirectory.framework/Versions/A/OpenDirectory
0x00007fff40fa5000 	/System/Library/PrivateFrameworks/APFS.framework/Versions/A/APFS
0x00007fff3c254000 	/System/Library/Frameworks/SecurityFoundation.framework/Versions/A/SecurityFoundation
0x00007fff68aa1000 	/usr/lib/libutil.dylib
0x00007fff48a0e000 	/System/Library/PrivateFrameworks/CoreServicesStore.framework/Versions/A/CoreServicesStore
0x00007fff3c30b000 	/System/Library/Frameworks/ServiceManagement.framework/Versions/A/ServiceManagement
0x00007fff446c8000 	/System/Library/PrivateFrameworks/BackgroundTaskManagement.framework/Versions/A/BackgroundTaskManagement
0x00007fff68b9e000 	/usr/lib/libxslt.1.dylib
0x00007fff4356b000 	/System/Library/PrivateFrameworks/AppleSystemInfo.framework/Versions/A/AppleSystemInfo
0x00007fff326fa000 	/System/Library/Frameworks/ImageIO.framework/Versions/A/Resources/libJPEG.dylib
0x00007fff329b9000 	/System/Library/Frameworks/ImageIO.framework/Versions/A/Resources/libTIFF.dylib
0x00007fff3299c000 	/System/Library/Frameworks/ImageIO.framework/Versions/A/Resources/libPng.dylib
0x00007fff3263c000 	/System/Library/Frameworks/ImageIO.framework/Versions/A/Resources/libGIF.dylib
0x00007fff32640000 	/System/Library/Frameworks/ImageIO.framework/Versions/A/Resources/libJP2.dylib
0x00007fff329b7000 	/System/Library/Frameworks/ImageIO.framework/Versions/A/Resources/libRadiance.dylib
0x00007fff6741d000 	/usr/lib/libexpat.1.dylib
0x00007fff43053000 	/System/Library/PrivateFrameworks/AppleJPEG.framework/Versions/A/AppleJPEG
0x00007fff4bd24000 	/System/Library/PrivateFrameworks/FontServices.framework/libFontParser.dylib
0x00007fff625ca000 	/System/Library/PrivateFrameworks/WatchdogClient.framework/Versions/A/WatchdogClient
0x00007fff5430b000 	/System/Library/PrivateFrameworks/IOAccelerator.framework/Versions/A/IOAccelerator
0x00007fff34ec6000 	/System/Library/Frameworks/MetalPerformanceShaders.framework/Versions/A/MetalPerformanceShaders
0x00007fff50aa1000 	/System/Library/PrivateFrameworks/GPUWrangler.framework/Versions/A/GPUWrangler
0x00007fff54320000 	/System/Library/PrivateFrameworks/IOPresentment.framework/Versions/A/IOPresentment
0x00007fff4958e000 	/System/Library/PrivateFrameworks/DSExternalDisplay.framework/Versions/A/DSExternalDisplay
0x00007fff394d6000 	/System/Library/Frameworks/OpenGL.framework/Versions/A/Libraries/libCoreFSCache.dylib
0x00007fff34c12000 	/System/Library/Frameworks/MetalPerformanceShaders.framework/Frameworks/MPSCore.framework/Versions/A/MPSCore
0x00007fff34c50000 	/System/Library/Frameworks/MetalPerformanceShaders.framework/Frameworks/MPSImage.framework/Versions/A/MPSImage
0x00007fff34d17000 	/System/Library/Frameworks/MetalPerformanceShaders.framework/Frameworks/MPSNeuralNetwork.framework/Versions/A/MPSNeuralNetwork
0x00007fff34cdb000 	/System/Library/Frameworks/MetalPerformanceShaders.framework/Frameworks/MPSMatrix.framework/Versions/A/MPSMatrix
0x00007fff34e76000 	/System/Library/Frameworks/MetalPerformanceShaders.framework/Frameworks/MPSRayIntersector.framework/Versions/A/MPSRayIntersector
0x00007fff34d01000 	/System/Library/Frameworks/MetalPerformanceShaders.framework/Frameworks/MPSNDArray.framework/Versions/A/MPSNDArray
0x00007fff56189000 	/System/Library/PrivateFrameworks/MetalTools.framework/Versions/A/MetalTools
0x00007fff4217f000 	/System/Library/PrivateFrameworks/AggregateDictionary.framework/Versions/A/AggregateDictionary
0x00007fff46f21000 	/System/Library/PrivateFrameworks/CoreAnalytics.framework/Versions/A/CoreAnalytics
0x00007fff4348a000 	/System/Library/PrivateFrameworks/AppleSauce.framework/Versions/A/AppleSauce
0x00007fff663db000 	/usr/lib/libIOReport.dylib
0x00007fff315c6000 	/System/Library/Frameworks/CoreVideo.framework/Versions/A/CoreVideo
0x00007fff51f1a000 	/System/Library/PrivateFrameworks/GraphVisualizer.framework/Versions/A/GraphVisualizer
0x00007fff4b26a000 	/System/Library/PrivateFrameworks/FaceCore.framework/Versions/A/FaceCore
0x00007fff38aec000 	/System/Library/Frameworks/OpenCL.framework/Versions/A/OpenCL
0x00007fff661fd000 	/usr/lib/libFosl_dynamic.dylib
0x00007fff5765f000 	/System/Library/PrivateFrameworks/OTSVG.framework/Versions/A/OTSVG
0x00007fff2d77b000 	/System/Library/Frameworks/ApplicationServices.framework/Versions/A/Frameworks/ATS.framework/Versions/A/Resources/libFontRegistry.dylib
0x00007fff4bef5000 	/System/Library/PrivateFrameworks/FontServices.framework/libhvf.dylib
0x00007fff394e1000 	/System/Library/Frameworks/OpenGL.framework/Versions/A/Libraries/libGFXShared.dylib
0x00007fff396bf000 	/System/Library/Frameworks/OpenGL.framework/Versions/A/Libraries/libGLU.dylib
0x00007fff394ea000 	/System/Library/Frameworks/OpenGL.framework/Versions/A/Libraries/libGL.dylib
0x00007fff394f5000 	/System/Library/Frameworks/OpenGL.framework/Versions/A/Libraries/libGLImage.dylib
0x00007fff394d3000 	/System/Library/Frameworks/OpenGL.framework/Versions/A/Libraries/libCVMSPluginSupport.dylib
0x00007fff394dc000 	/System/Library/Frameworks/OpenGL.framework/Versions/A/Libraries/libCoreVMClient.dylib
0x00007fff67e6f000 	/usr/lib/libncurses.5.4.dylib
0x00007fff2d677000 	/System/Library/Frameworks/ApplicationServices.framework/Versions/A/Frameworks/ATS.framework/Versions/A/ATS
0x00007fff2d844000 	/System/Library/Frameworks/ApplicationServices.framework/Versions/A/Frameworks/ColorSyncLegacy.framework/Versions/A/ColorSyncLegacy
0x00007fff2d8e2000 	/System/Library/Frameworks/ApplicationServices.framework/Versions/A/Frameworks/HIServices.framework/Versions/A/HIServices
0x00007fff2d93a000 	/System/Library/Frameworks/ApplicationServices.framework/Versions/A/Frameworks/LangAnalysis.framework/Versions/A/LangAnalysis
0x00007fff2d949000 	/System/Library/Frameworks/ApplicationServices.framework/Versions/A/Frameworks/PrintCore.framework/Versions/A/PrintCore
0x00007fff2d98f000 	/System/Library/Frameworks/ApplicationServices.framework/Versions/A/Frameworks/QD.framework/Versions/A/QD
0x00007fff2d99a000 	/System/Library/Frameworks/ApplicationServices.framework/Versions/A/Frameworks/SpeechSynthesis.framework/Versions/A/SpeechSynthesis
0x00007fff2d814000 	/System/Library/Frameworks/ApplicationServices.framework/Versions/A/Frameworks/ATSUI.framework/Versions/A/ATSUI
0x00007fff672b3000 	/usr/lib/libcups.2.dylib
0x00007fff33f61000 	/System/Library/Frameworks/Kerberos.framework/Versions/A/Kerberos
0x00007fff320a2000 	/System/Library/Frameworks/GSS.framework/Versions/A/GSS
0x00007fff685f2000 	/usr/lib/libresolv.9.dylib
0x00007fff520c7000 	/System/Library/PrivateFrameworks/Heimdal.framework/Versions/A/Heimdal
0x00007fff33f74000 	/System/Library/Frameworks/Kerberos.framework/Versions/A/Libraries/libHeimdalProxy.dylib
0x00007fff6745a000 	/usr/lib/libheimdal-asn1.dylib
0x00007fff463b9000 	/System/Library/PrivateFrameworks/CommonAuth.framework/Versions/A/CommonAuth
0x00007fff43608000 	/System/Library/PrivateFrameworks/AssertionServices.framework/Versions/A/AssertionServices
0x00007fff441ab000 	/System/Library/PrivateFrameworks/AudioToolboxCore.framework/Versions/A/AudioToolboxCore
0x00007fff63278000 	/System/Library/PrivateFrameworks/caulk.framework/Versions/A/caulk
0x00007fff44774000 	/System/Library/PrivateFrameworks/BaseBoard.framework/Versions/A/BaseBoard
0x00007fff5b8c2000 	/System/Library/PrivateFrameworks/RunningBoardServices.framework/Versions/A/RunningBoardServices
0x00007fff588d3000 	/System/Library/PrivateFrameworks/PersistentConnection.framework/Versions/A/PersistentConnection
0x00007fff5b2bb000 	/System/Library/PrivateFrameworks/ProtocolBuffer.framework/Versions/A/ProtocolBuffer
0x00007fff463dd000 	/System/Library/PrivateFrameworks/CommonUtilities.framework/Versions/A/CommonUtilities
0x00007fff44902000 	/System/Library/PrivateFrameworks/Bom.framework/Versions/A/Bom
0x00007fff660ae000 	/usr/lib/libAudioToolboxUtility.dylib
0x00007fff446d2000 	/System/Library/PrivateFrameworks/Backup.framework/Versions/A/Backup
0x00007fff494af000 	/System/Library/PrivateFrameworks/CrashReporterSupport.framework/Versions/A/CrashReporterSupport
0x00007fff5d354000 	/System/Library/PrivateFrameworks/Sharing.framework/Versions/A/Sharing
0x00007fff42c16000 	/System/Library/PrivateFrameworks/Apple80211.framework/Versions/A/Apple80211
0x00007fff443ef000 	/System/Library/PrivateFrameworks/AuthKit.framework/Versions/A/AuthKit
0x00007fff491bc000 	/System/Library/PrivateFrameworks/CoreUtils.framework/Versions/A/CoreUtils
0x00007fff3160b000 	/System/Library/Frameworks/CoreWLAN.framework/Versions/A/CoreWLAN
0x00007fff3222f000 	/System/Library/Frameworks/IOBluetooth.framework/Versions/A/IOBluetooth
0x00007fff5648e000 	/System/Library/PrivateFrameworks/MobileKeyBag.framework/Versions/A/MobileKeyBag
0x00007fff47fc1000 	/System/Library/PrivateFrameworks/CorePhoneNumbers.framework/Versions/A/CorePhoneNumbers
0x00007fff43006000 	/System/Library/PrivateFrameworks/AppleIDAuthSupport.framework/Versions/A/AppleIDAuthSupport
0x00007fff35f63000 	/System/Library/Frameworks/Network.framework/Versions/A/Network
0x00007fff54b5c000 	/System/Library/PrivateFrameworks/KeychainCircle.framework/Versions/A/KeychainCircle
0x00007fff2f05c000 	/System/Library/Frameworks/CoreBluetooth.framework/Versions/A/CoreBluetooth
0x00007fff5f3d3000 	/System/Library/PrivateFrameworks/SpeechRecognitionCore.framework/Versions/A/SpeechRecognitionCore
0x0000000109a00000 	/Users/marcgusmano/bin/Sencha/Cmd/7.3.0.19/.install4j/jre.bundle/Contents/Home/lib/server/libjvm.dylib
0x00007fff68974000 	/usr/lib/libstdc++.6.dylib
0x0000000108810000 	/Users/marcgusmano/bin/Sencha/Cmd/7.3.0.19/.install4j/jre.bundle/Contents/Home/lib/libverify.dylib
0x0000000108827000 	/Users/marcgusmano/bin/Sencha/Cmd/7.3.0.19/.install4j/jre.bundle/Contents/Home/lib/libjava.dylib
0x00000001088b2000 	/Users/marcgusmano/bin/Sencha/Cmd/7.3.0.19/.install4j/jre.bundle/Contents/Home/lib/libzip.dylib
0x0000000108953000 	/Users/marcgusmano/bin/Sencha/Cmd/7.3.0.19/.install4j/jre.bundle/Contents/Home/lib/libnio.dylib
0x000000010896d000 	/Users/marcgusmano/bin/Sencha/Cmd/7.3.0.19/.install4j/jre.bundle/Contents/Home/lib/libnet.dylib
0x000000010ca3c000 	/Users/marcgusmano/bin/Sencha/Cmd/7.3.0.19/.install4j/jre.bundle/Contents/Home/lib/libmanagement.dylib
0x000000010ca50000 	/Users/marcgusmano/bin/Sencha/Cmd/7.3.0.19/.install4j/jre.bundle/Contents/Home/lib/libosx.dylib
0x000000010ca69000 	/Users/marcgusmano/bin/Sencha/Cmd/7.3.0.19/.install4j/jre.bundle/Contents/Home/lib/libosxapp.dylib
0x00007fff33f4b000 	/System/Library/Frameworks/JavaVM.framework/Versions/A/Frameworks/JavaNativeFoundation.framework/Versions/A/JavaNativeFoundation
0x00007fff33f54000 	/System/Library/Frameworks/JavaVM.framework/Versions/A/Frameworks/JavaRuntimeSupport.framework/Versions/A/JavaRuntimeSupport
0x00007fff2e22d000 	/System/Library/Frameworks/Carbon.framework/Versions/A/Carbon
0x00007fff31b0b000 	/System/Library/Frameworks/ExceptionHandling.framework/Versions/A/ExceptionHandling
0x00007fff2e22e000 	/System/Library/Frameworks/Carbon.framework/Versions/A/Frameworks/CommonPanels.framework/Versions/A/CommonPanels
0x00007fff2e527000 	/System/Library/Frameworks/Carbon.framework/Versions/A/Frameworks/Help.framework/Versions/A/Help
0x00007fff2e52b000 	/System/Library/Frameworks/Carbon.framework/Versions/A/Frameworks/ImageCapture.framework/Versions/A/ImageCapture
0x00007fff2e532000 	/System/Library/Frameworks/Carbon.framework/Versions/A/Frameworks/OpenScripting.framework/Versions/A/OpenScripting
0x00007fff2e531000 	/System/Library/Frameworks/Carbon.framework/Versions/A/Frameworks/Ink.framework/Versions/A/Ink
0x00007fff2e56d000 	/System/Library/Frameworks/Carbon.framework/Versions/A/Frameworks/Print.framework/Versions/A/Print
0x00007fff2e56e000 	/System/Library/Frameworks/Carbon.framework/Versions/A/Frameworks/SecurityHI.framework/Versions/A/SecurityHI
0x00007fff33f5c000 	/System/Library/Frameworks/JavaVM.framework/Versions/A/JavaVM
0x00007fff54973000 	/System/Library/PrivateFrameworks/JavaLaunching.framework/Versions/A/JavaLaunching
0x00007fff48f61000 	/System/Library/PrivateFrameworks/CoreSymbolication.framework/Versions/A/CoreSymbolication
0x00007fff496e3000 	/System/Library/PrivateFrameworks/DebugSymbols.framework/Versions/A/DebugSymbols
0x000000010ca9e000 	/private/var/folders/y8/ptmnnz153sn4v6dy873nkk4w0000gn/T/libjansi-64-1.9.jnilib
0x00000001262e8000 	/private/var/folders/y8/ptmnnz153sn4v6dy873nkk4w0000gn/T/Update6405363921464915942.dylib

VM Arguments:
jvm_args: -Dapple.awt.UIElement=true -Xms256m -Xmx2048m -Dapple.awt.UIElement=true -Xmx4096m 
java_command: install4j.com.sencha.command.Sencha app build production
java_class_path (initial): /Users/marcgusmano/bin/Sencha/Cmd/7.3.0.19/.install4j/i4jruntime.jar:/Users/marcgusmano/bin/Sencha/Cmd/7.3.0.19/.install4j/launcher6b5f63d9.jar:/Users/marcgusmano/bin/Sencha/Cmd/7.3.0.19/sencha.jar
Launcher Type: SUN_STANDARD

Environment Variables:
_JAVA_OPTIONS=-Xmx4096m
PATH=/usr/local/lib/node_modules/npm/node_modules/npm-lifecycle/node-gyp-bin:/Volumes/BOOTCAMP/GusmanoAssociates/Customers/Sencha/bridgesSencha/themes-and-engine/node_modules/.bin:/usr/local/lib/node_modules/npm/node_modules/npm-lifecycle/node-gyp-bin:/Volumes/BOOTCAMP/GusmanoAssociates/Customers/Sencha/bridgesSencha/themes-and-engine/node_modules/.bin:/Library/Frameworks/Python.framework/Versions/3.8/bin:/usr/local/bin:/usr/bin:/bin:/usr/sbin:/sbin:/usr/local/share/dotnet:~/.dotnet/tools:/Library/Frameworks/Python.framework/Versions/3.8/bin:/Users/marcgusmano/bin/Sencha/Cmd/7.3.0.19:/Users/marcgusmano/bin/:/Applications/Sencha/Test/2_0_0_359/stc:/Users/marcgusmano/aaFlutter/flutter/bin:/Users/marcgusmano/Library/Android/sdk/platform-tools:/Users/marcgusmano/Downloads/phantomjs-2.0.0-macosx/bin:/Downloads/apache-ant-1.9.4/bin:/Users/marcgusmano/mongodb/bin:/Users/marcgusmano/apache-maven-3.5.0/bin:/usr/local/lib/node_modules/node/bin:/Users/marcgusmano/bin/Sencha/Cmd/7.3.0.19:/Users/marcgusmano/bin/:/Applications/Sencha/Test/2_0_0_359/stc:/Users/marcgusmano/aaFlutter/flutter/bin:/Users/marcgusmano/Library/Android/sdk/platform-tools:/Users/marcgusmano/Downloads/phantomjs-2.0.0-macosx/bin:/Downloads/apache-ant-1.9.4/bin:/Users/marcgusmano/mongodb/bin:/Users/marcgusmano/apache-maven-3.5.0/bin:/usr/local/lib/node_modules/node/bin
SHELL=/bin/bash

Signal Handlers:
SIGSEGV: [libjvm.dylib+0x588183], sa_mask[0]=11111111011111110111111111111111, sa_flags=SA_ONSTACK|SA_RESTART|SA_SIGINFO
SIGBUS: [libjvm.dylib+0x588183], sa_mask[0]=11111111011111110111111111111111, sa_flags=SA_RESTART|SA_SIGINFO
SIGFPE: [libjvm.dylib+0x46288c], sa_mask[0]=11111111011111110111111111111111, sa_flags=SA_RESTART|SA_SIGINFO
SIGPIPE: [libjvm.dylib+0x46288c], sa_mask[0]=11111111011111110111111111111111, sa_flags=SA_RESTART|SA_SIGINFO
SIGXFSZ: [libjvm.dylib+0x46288c], sa_mask[0]=11111111011111110111111111111111, sa_flags=SA_RESTART|SA_SIGINFO
SIGILL: [libjvm.dylib+0x46288c], sa_mask[0]=11111111011111110111111111111111, sa_flags=SA_RESTART|SA_SIGINFO
SIGUSR1: SIG_DFL, sa_mask[0]=00000000000000000000000000000000, sa_flags=SA_RESTART
SIGUSR2: [libjvm.dylib+0x4623aa], sa_mask[0]=00000000000000000000000000000000, sa_flags=SA_RESTART|SA_SIGINFO
SIGHUP: [libjvm.dylib+0x460935], sa_mask[0]=11111111011111110111111111111111, sa_flags=SA_RESTART|SA_SIGINFO
SIGINT: [libjvm.dylib+0x460935], sa_mask[0]=11111111011111110111111111111111, sa_flags=SA_RESTART|SA_SIGINFO
SIGTERM: [libjvm.dylib+0x460935], sa_mask[0]=11111111011111110111111111111111, sa_flags=SA_RESTART|SA_SIGINFO
SIGQUIT: [libjvm.dylib+0x460935], sa_mask[0]=11111111011111110111111111111111, sa_flags=SA_RESTART|SA_SIGINFO


---------------  S Y S T E M  ---------------

OS:Bsduname:Darwin 19.6.0 Darwin Kernel Version 19.6.0: Mon Aug 31 22:12:52 PDT 2020; root:xnu-6153.141.2~1/RELEASE_X86_64 x86_64
rlimit: STACK 8192k, CORE 0k, NPROC 2784, NOFILE 10240, AS infinity
load average:3.89 3.05 2.89

CPU:total 8 (initial active 8) (4 cores per cpu, 2 threads per core) family 6 model 70 stepping 1, cmov, cx8, fxsr, mmx, sse, sse2, sse3, ssse3, sse4.1, sse4.2, popcnt, avx, avx2, aes, clmul, erms, lzcnt, ht, tsc, tscinvbit, bmi1, bmi2

Memory: 4k page, physical 16777216k(94740k free)

/proc/meminfo:


vm_info: OpenJDK 64-Bit Server VM (25.242-b08) for bsd-amd64 JRE (1.8.0_242-b08), built on Jan 19 2020 06:43:11 by "jenkins" with gcc 4.2.1 (Based on Apple Inc. build 5658) (LLVM build 2336.11.00)

time: Mon Nov 23 17:31:01 2020
timezone: EST
elapsed time: 6 seconds (0d 0h 0m 6s)

